<?xml version="1.0" encoding="UTF-8"?>
<testsuite xmlns:xsi="http://www.w3.org/2001/XMLSchema-instance" xsi:noNamespaceSchemaLocation="https://maven.apache.org/surefire/maven-surefire-plugin/xsd/surefire-test-report-3.0.xsd" version="3.0" name="com.poseidoncapitalsolution.trading.controller.TradeControllerTest" time="0.365" tests="8" errors="0" skipped="0" failures="0">
  <properties>
[...]
</properties>
  <testcase name="addTrade_successAndRedirectToListPage" classname="com.poseidoncapitalsolution.trading.controller.TradeControllerTest" time="0.013">
    <system-out><![CDATA[LogLevel: INFO  | Date: 2024-07-16 17:45:02 | From: AnnotationConfigContextLoaderUtils | Message: Could not detect default configuration classes for test class [com.poseidoncapitalsolution.trading.controller.TradeControllerTest]: TradeControllerTest does not declare any static, non-private, non-final, nested classes annotated with @Configuration.
LogLevel: INFO  | Date: 2024-07-16 17:45:02 | From: SpringBootTestContextBootstrapper | Message: Found @SpringBootConfiguration com.poseidoncapitalsolution.trading.PoseidonTradingApplication for test class com.poseidoncapitalsolution.trading.controller.TradeControllerTest
LogLevel: INFO  | Date: 2024-07-16 17:45:02 | From: RestartApplicationListener     | Message: Restart disabled due to context in which it is running

  .   ____          _            __ _ _
 /\\ / ___'_ __ _ _(_)_ __  __ _ \ \ \ \
( ( )\___ | '_ | '_| | '_ \/ _` | \ \ \ \
 \\/  ___)| |_)| | | | | || (_| |  ) ) ) )
  '  |____| .__|_| |_|_| |_\__, | / / / /
 =========|_|==============|___/=/_/_/_/
 :: Spring Boot ::                (v3.2.3)

LogLevel: INFO  | Date: 2024-07-16 17:45:02 | From: TradeControllerTest            | Message: Starting TradeControllerTest using Java 21.0.2 with PID 90850 (started by alicepogam in /Users/alicepogam/Documents/Formation OCR/F. Java/P7/Poseidon)
LogLevel: INFO  | Date: 2024-07-16 17:45:02 | From: TradeControllerTest            | Message: No active profile set, falling back to 1 default profile: "default"
LogLevel: WARN  | Date: 2024-07-16 17:45:02 | From: UserDetailsServiceAutoConfiguration | Message: 

Using generated security password: faea21e9-483a-4cea-a234-e3cc2dd35ce9

This generated password is for development use only. Your security configuration must be updated before running your application in production.

LogLevel: INFO  | Date: 2024-07-16 17:45:02 | From: DefaultSecurityFilterChain     | Message: Will secure any request with [org.springframework.security.web.session.DisableEncodeUrlFilter@49692c4f, org.springframework.security.web.context.request.async.WebAsyncManagerIntegrationFilter@627695fd, org.springframework.security.web.context.SecurityContextHolderFilter@2506cf0d, org.springframework.security.web.header.HeaderWriterFilter@a8d8d41, org.springframework.web.filter.CorsFilter@516cb8e1, org.springframework.security.web.csrf.CsrfFilter@46e5c331, org.springframework.security.web.authentication.logout.LogoutFilter@6065f14f, org.springframework.security.web.authentication.UsernamePasswordAuthenticationFilter@4defc8ca, org.springframework.security.web.authentication.ui.DefaultLoginPageGeneratingFilter@2da21a9b, org.springframework.security.web.authentication.ui.DefaultLogoutPageGeneratingFilter@2e617f42, org.springframework.security.web.authentication.www.BasicAuthenticationFilter@24fb7b1, org.springframework.security.web.savedrequest.RequestCacheAwareFilter@4d127cd7, org.springframework.security.web.servletapi.SecurityContextHolderAwareRequestFilter@4ba3612b, org.springframework.security.web.authentication.AnonymousAuthenticationFilter@2eea3595, org.springframework.security.web.access.ExceptionTranslationFilter@4068dbed, org.springframework.security.web.access.intercept.AuthorizationFilter@d54cc0b]
LogLevel: INFO  | Date: 2024-07-16 17:45:02 | From: SpringBootMockServletContext   | Message: Initializing Spring TestDispatcherServlet ''
LogLevel: INFO  | Date: 2024-07-16 17:45:02 | From: TestDispatcherServlet          | Message: Initializing Servlet ''
LogLevel: INFO  | Date: 2024-07-16 17:45:02 | From: TestDispatcherServlet          | Message: Completed initialization in 0 ms
LogLevel: INFO  | Date: 2024-07-16 17:45:02 | From: TradeControllerTest            | Message: Started TradeControllerTest in 0.239 seconds (process running for 6.496)
LogLevel: INFO  | Date: 2024-07-16 17:45:02 | From: EndpointListener               | Message: URL requested: POST http://localhost/trade/validate?_csrf=aSyh79Y2O88lX7Wcfz77vBNDgfwwzagthg8UtQ4grKg8eXMjDEiXi-cDCqoIb4WoRhPP2HEmrJ4GrMoA4Dx2hW1FyMoKS0Ab
LogLevel: ERROR | Date: 2024-07-16 17:45:02 | From: EndpointListener               | Message: Status unknown
]]></system-out>
  </testcase>
  <testcase name="addTrade_failAndReturnOk" classname="com.poseidoncapitalsolution.trading.controller.TradeControllerTest" time="0.043">
    <system-out><![CDATA[LogLevel: INFO  | Date: 2024-07-16 17:45:02 | From: EndpointListener               | Message: URL requested: POST http://localhost/trade/validate?_csrf=FvBOld5AiBgTQ6TruWxl-WyWHnWSAEyhpi2mUZCo3WbJyrK1dZEtor8m6y8-epGKikFRzFSmMxejNn6MwhjCNfGZ616rroCE
LogLevel: INFO  | Date: 2024-07-16 17:45:02 | From: EndpointListener               | Message: Response: Status 200 OK
]]></system-out>
  </testcase>
  <testcase name="addTrade" classname="com.poseidoncapitalsolution.trading.controller.TradeControllerTest" time="0.008">
    <system-out><![CDATA[LogLevel: INFO  | Date: 2024-07-16 17:45:02 | From: EndpointListener               | Message: Endpoint requested: GET http://localhost/trade/add
LogLevel: INFO  | Date: 2024-07-16 17:45:02 | From: EndpointListener               | Message: Response: Status 200 OK
]]></system-out>
  </testcase>
  <testcase name="getUpdateForm_returnOk" classname="com.poseidoncapitalsolution.trading.controller.TradeControllerTest" time="0.012">
    <system-out><![CDATA[LogLevel: INFO  | Date: 2024-07-16 17:45:02 | From: EndpointListener               | Message: Endpoint requested: GET http://localhost/trade/update/1
LogLevel: INFO  | Date: 2024-07-16 17:45:02 | From: EndpointListener               | Message: Response: Status 200 OK
]]></system-out>
  </testcase>
  <testcase name="deleteTrade_successAndRedirectToListPage" classname="com.poseidoncapitalsolution.trading.controller.TradeControllerTest" time="0.005">
    <system-out><![CDATA[LogLevel: INFO  | Date: 2024-07-16 17:45:02 | From: EndpointListener               | Message: URL requested: GET http://localhost/trade/delete/1?_csrf=HWGb3v-FQvK1LzyeEyHocUa7hsD3fqgH98nIoLgFa1QAonb9fFOsv8fhdpeYS1_4JAzcQnKDq6GRTZwqxPr9loE2CjVjkUWe
LogLevel: ERROR | Date: 2024-07-16 17:45:02 | From: EndpointListener               | Message: Status unknown
]]></system-out>
  </testcase>
  <testcase name="updateTrade_successAndRedirectToListPage" classname="com.poseidoncapitalsolution.trading.controller.TradeControllerTest" time="0.007">
    <system-out><![CDATA[LogLevel: INFO  | Date: 2024-07-16 17:45:02 | From: EndpointListener               | Message: URL requested: POST http://localhost/trade/update/1?_csrf=IfN1YhLBGjRf5vR1Wc0s9p6iKG7MW3TSQY_XgMJptfE85HSpFJBMUHf3eQxygpIXbeAYlKbBBVapOkL_eL7j5KFe18Fa3EeZ
LogLevel: ERROR | Date: 2024-07-16 17:45:02 | From: EndpointListener               | Message: Status unknown
]]></system-out>
  </testcase>
  <testcase name="getList_returnOk" classname="com.poseidoncapitalsolution.trading.controller.TradeControllerTest" time="0.012">
    <system-out><![CDATA[LogLevel: INFO  | Date: 2024-07-16 17:45:02 | From: EndpointListener               | Message: Endpoint requested: GET http://localhost/trade/list
LogLevel: INFO  | Date: 2024-07-16 17:45:02 | From: EndpointListener               | Message: Response: Status 200 OK
]]></system-out>
  </testcase>
  <testcase name="updateTrade_failAndReturnOk" classname="com.poseidoncapitalsolution.trading.controller.TradeControllerTest" time="0.007">
    <system-out><![CDATA[LogLevel: INFO  | Date: 2024-07-16 17:45:02 | From: EndpointListener               | Message: URL requested: POST http://localhost/trade/update/1?_csrf=1clQj5CKvZH_ACBdupoGNEhD_LHyRxrbfad0vu1w3-PZVNUG5PwxtvHr2KTSMRZujLcyUHsh0dPAIy32T8YV3d8T5tfqNuM3
LogLevel: INFO  | Date: 2024-07-16 17:45:02 | From: EndpointListener               | Message: Response: Status 200 OK
]]></system-out>
  </testcase>
</testsuite>