<?xml version="1.0" encoding="UTF-8"?>
<testsuite xmlns:xsi="http://www.w3.org/2001/XMLSchema-instance" xsi:noNamespaceSchemaLocation="https://maven.apache.org/surefire/maven-surefire-plugin/xsd/surefire-test-report-3.0.xsd" version="3.0" name="com.poseidoncapitalsolution.trading.controller.UserControllerTest" time="4.856" tests="7" errors="0" skipped="0" failures="0">
  <properties>
[...]
</properties>
  <testcase name="testAddUserForm" classname="com.poseidoncapitalsolution.trading.controller.UserControllerTest" time="0.616">
    <system-out><![CDATA[
  .   ____          _            __ _ _
 /\\ / ___'_ __ _ _(_)_ __  __ _ \ \ \ \
( ( )\___ | '_ | '_| | '_ \/ _` | \ \ \ \
 \\/  ___)| |_)| | | | | || (_| |  ) ) ) )
  '  |____| .__|_| |_|_| |_\__, | / / / /
 =========|_|==============|___/=/_/_/_/
 :: Spring Boot ::                (v3.2.3)

LogLevel: INFO  | Date: 2024-07-16 17:44:57 | From: Version                        | Message: HV000001: Hibernate Validator 8.0.1.Final
LogLevel: INFO  | Date: 2024-07-16 17:44:57 | From: UserControllerTest             | Message: Starting UserControllerTest using Java 21.0.2 with PID 90850 (started by alicepogam in /Users/alicepogam/Documents/Formation OCR/F. Java/P7/Poseidon)
LogLevel: INFO  | Date: 2024-07-16 17:44:57 | From: UserControllerTest             | Message: No active profile set, falling back to 1 default profile: "default"
LogLevel: WARN  | Date: 2024-07-16 17:45:00 | From: UserDetailsServiceAutoConfiguration | Message: 

Using generated security password: 5c1bd126-1373-400f-91a3-c9ef17801260

This generated password is for development use only. Your security configuration must be updated before running your application in production.

LogLevel: INFO  | Date: 2024-07-16 17:45:00 | From: DefaultSecurityFilterChain     | Message: Will secure any request with [org.springframework.security.web.session.DisableEncodeUrlFilter@1923a29a, org.springframework.security.web.context.request.async.WebAsyncManagerIntegrationFilter@6dbf042, org.springframework.security.web.context.SecurityContextHolderFilter@ae094e8, org.springframework.security.web.header.HeaderWriterFilter@24bd88df, org.springframework.web.filter.CorsFilter@61c0a61, org.springframework.security.web.csrf.CsrfFilter@74faa12, org.springframework.security.web.authentication.logout.LogoutFilter@2e3ec0e9, org.springframework.security.web.authentication.UsernamePasswordAuthenticationFilter@7a0ebd12, org.springframework.security.web.authentication.ui.DefaultLoginPageGeneratingFilter@41576e84, org.springframework.security.web.authentication.ui.DefaultLogoutPageGeneratingFilter@66121af9, org.springframework.security.web.authentication.www.BasicAuthenticationFilter@10d1f6da, org.springframework.security.web.savedrequest.RequestCacheAwareFilter@7a845f91, org.springframework.security.web.servletapi.SecurityContextHolderAwareRequestFilter@4568ef38, org.springframework.security.web.authentication.AnonymousAuthenticationFilter@62a153d3, org.springframework.security.web.access.ExceptionTranslationFilter@34692767, org.springframework.security.web.access.intercept.AuthorizationFilter@286cd3ad]
LogLevel: INFO  | Date: 2024-07-16 17:45:00 | From: SpringBootMockServletContext   | Message: Initializing Spring TestDispatcherServlet ''
LogLevel: INFO  | Date: 2024-07-16 17:45:00 | From: TestDispatcherServlet          | Message: Initializing Servlet ''
LogLevel: INFO  | Date: 2024-07-16 17:45:00 | From: TestDispatcherServlet          | Message: Completed initialization in 1 ms
LogLevel: INFO  | Date: 2024-07-16 17:45:00 | From: UserControllerTest             | Message: Started UserControllerTest in 3.324 seconds (process running for 4.798)
LogLevel: INFO  | Date: 2024-07-16 17:45:00 | From: EndpointListener               | Message: Endpoint requested: GET http://localhost/user/add
LogLevel: INFO  | Date: 2024-07-16 17:45:01 | From: EndpointListener               | Message: Response: Status 200 OK
]]></system-out>
    <system-err><![CDATA[WARNING: A Java agent has been loaded dynamically (/Users/alicepogam/.m2/repository/net/bytebuddy/byte-buddy-agent/1.14.12/byte-buddy-agent-1.14.12.jar)
WARNING: If a serviceability tool is in use, please run with -XX:+EnableDynamicAgentLoading to hide this warning
WARNING: If a serviceability tool is not in use, please run with -Djdk.instrument.traceUsage for more information
WARNING: Dynamic loading of agents will be disallowed by default in a future release
]]></system-err>
  </testcase>
  <testcase name="testDeleteById_successAndRedirectToListPage" classname="com.poseidoncapitalsolution.trading.controller.UserControllerTest" time="0.043">
    <system-out><![CDATA[LogLevel: INFO  | Date: 2024-07-16 17:45:01 | From: EndpointListener               | Message: Endpoint requested: GET http://localhost/user/delete/1
LogLevel: ERROR | Date: 2024-07-16 17:45:01 | From: EndpointListener               | Message: Status unknown
]]></system-out>
  </testcase>
  <testcase name="testPostUser_failAndReturnAddPage" classname="com.poseidoncapitalsolution.trading.controller.UserControllerTest" time="0.086">
    <system-out><![CDATA[LogLevel: INFO  | Date: 2024-07-16 17:45:01 | From: EndpointListener               | Message: URL requested: POST http://localhost/user/validate?_csrf=DN03xpng2CNAZ0Eah2fEWV4Cfx1q4CKO71ld3qAtHF8g_O3iNbgD8qjS7RFtUycrt0rwaG41UnwIhBCj1m045pQaeG0VmYuD
LogLevel: INFO  | Date: 2024-07-16 17:45:01 | From: EndpointListener               | Message: Response: Status 200 OK
]]></system-out>
  </testcase>
  <testcase name="testPostUser_successAndRedirectToListPage" classname="com.poseidoncapitalsolution.trading.controller.UserControllerTest" time="0.011">
    <system-out><![CDATA[LogLevel: INFO  | Date: 2024-07-16 17:45:01 | From: EndpointListener               | Message: URL requested: POST http://localhost/user/validate?_csrf=LH6DXBWVVRcZ9sZJsQ-89Qc_cw8z9CtRknER61-L5BvW5dQ7G0nnZCH3M3Q0laJ7gCKIwjZZXjdRkRt880J1jWm-1X3jhONZ
LogLevel: ERROR | Date: 2024-07-16 17:45:01 | From: EndpointListener               | Message: Status unknown
]]></system-out>
  </testcase>
  <testcase name="testPutUserForUserUpdate_successAndRedirectToListPage" classname="com.poseidoncapitalsolution.trading.controller.UserControllerTest" time="0.01">
    <system-out><![CDATA[LogLevel: INFO  | Date: 2024-07-16 17:45:01 | From: EndpointListener               | Message: URL requested: POST http://localhost/user/update/1?_csrf=2bWnm0nLkeXJ_MCr1O-OAmIwrl1Ydre2hvy7Asqoai2VFOpI7tPBr3n8pIPkzaaf5sK6ZgAJg2Q8RY-b55qJYPieU0-kdt4p
LogLevel: ERROR | Date: 2024-07-16 17:45:01 | From: EndpointListener               | Message: Status unknown
]]></system-out>
  </testcase>
  <testcase name="testGetUserList" classname="com.poseidoncapitalsolution.trading.controller.UserControllerTest" time="0.028">
    <system-out><![CDATA[LogLevel: INFO  | Date: 2024-07-16 17:45:01 | From: EndpointListener               | Message: Endpoint requested: GET http://localhost/user/list
LogLevel: INFO  | Date: 2024-07-16 17:45:01 | From: EndpointListener               | Message: Response: Status 200 OK
]]></system-out>
  </testcase>
  <testcase name="testShowUpdateForm_success" classname="com.poseidoncapitalsolution.trading.controller.UserControllerTest" time="0.014">
    <system-out><![CDATA[LogLevel: INFO  | Date: 2024-07-16 17:45:01 | From: EndpointListener               | Message: Endpoint requested: GET http://localhost/user/update/1
LogLevel: INFO  | Date: 2024-07-16 17:45:01 | From: EndpointListener               | Message: Response: Status 200 OK
]]></system-out>
  </testcase>
</testsuite>